15:58:12.619 [main] INFO  o.h.b.c.nio1.NIO1SocketServerGroup - Service bound to address /127.0.0.1:8181
15:58:29.763 [main] INFO  o.h.b.c.nio1.NIO1SocketServerGroup - Service bound to address /127.0.0.1:8181
16:01:01.168 [NIO1SocketServerChannelFactory] INFO  o.h.blaze.channel.ServerChannelGroup - Connection to /127.0.0.1:58114 accepted at Mon Oct 19 16:01:01 WIB 2015.
16:01:01.352 [FixedPoolLoop-1] DEBUG org.http4s.blaze.pipeline.Stage - org.http4s.blaze.channel.nio1.NIO1SocketServerGroup$SocketChannelHead starting up at Mon Oct 19 16:01:01 WIB 2015
16:01:01.352 [FixedPoolLoop-1] DEBUG org.http4s.blaze.pipeline.Stage - Stage org.http4s.blaze.channel.nio1.NIO1SocketServerGroup$SocketChannelHead sending inbound command: Connected
16:01:01.352 [FixedPoolLoop-1] DEBUG org.http4s.blaze.pipeline.Stage - org.http4s.blaze.pipeline.stages.QuietTimeoutStage starting up at Mon Oct 19 16:01:01 WIB 2015
16:01:01.352 [FixedPoolLoop-1] DEBUG org.http4s.blaze.pipeline.Stage - Stage org.http4s.blaze.pipeline.stages.QuietTimeoutStage sending inbound command: Connected
16:01:01.353 [FixedPoolLoop-1] DEBUG org.http4s.blaze.pipeline.Stage - Starting HTTP pipeline
16:01:01.356 [FixedPoolLoop-1] DEBUG o.h.blaze.channel.nio1.SelectorLoop - Started channel.
16:01:02.283 [pool-2-thread-2] DEBUG org.http4s.blaze.pipeline.Stage - Beginning request: Request(POST,http://103.16.138.19:8008/transactions/trx.json,HTTP/1.1,Headers(Content-Type: application/x-www-form-urlencoded; charset=UTF-8, Content-Length: 153, Authorization: PELANGIREST username=tns14110001&password=1234&signature=9fd69945a6721f8fcdaef4213536ff3d),Emit(Vector(ByteVector(153 bytes, 0x7472785f69643d26637573745f6163636f756e745f6e6f3d353232313131313030363736312670726f647563745f6e6f6d696e6174696f6e3d302662697436323d267472785f747970653d3232303026637573745f6d736973646e3d302662697431323d2670726f647563745f69643d3130352662697434383d2662697431313d267472785f646174653d3230313531303139313630313031))),org.http4s.AttributeMap@69c2e471)
16:01:31.771 [TickWheelExecutor: 512 spokes, 200 milliseconds interval] DEBUG org.http4s.blaze.pipeline.Stage - Stage org.http4s.blaze.pipeline.stages.QuietTimeoutStage sending outbound command: Disconnect
16:01:31.775 [TickWheelExecutor: 512 spokes, 200 milliseconds interval] DEBUG org.http4s.blaze.pipeline.Stage - Stage org.http4s.blaze.pipeline.stages.QuietTimeoutStage sending inbound command: Disconnected
16:01:31.775 [TickWheelExecutor: 512 spokes, 200 milliseconds interval] DEBUG org.http4s.blaze.pipeline.Stage - Shutting down HttpPipeline
16:01:31.775 [TickWheelExecutor: 512 spokes, 200 milliseconds interval] DEBUG org.http4s.blaze.pipeline.Stage - org.http4s.server.blaze.Http1ServerStage$$anon$1 shutting down at Mon Oct 19 16:01:31 WIB 2015
16:01:37.330 [pool-2-thread-1] DEBUG org.http4s.blaze.pipeline.Stage - Running client cleanup.
16:01:37.330 [pool-2-thread-1] DEBUG org.http4s.blaze.pipeline.Stage - Client body cleanup result: Success(java.nio.HeapByteBuffer[pos=802 lim=802 cap=802])
16:01:37.331 [pool-2-thread-1] DEBUG org.http4s.blaze.pipeline.Stage - Stage org.http4s.client.blaze.Http1ClientStage sending outbound command: Disconnect
16:01:37.331 [pool-2-thread-1] DEBUG org.http4s.blaze.pipeline.Stage - closeWithError(EOF)
16:01:37.331 [pool-2-thread-1] DEBUG org.http4s.blaze.pipeline.Stage - org.http4s.client.blaze.Http1ClientStage shutting down at Mon Oct 19 16:01:37 WIB 2015
16:01:37.527 [pool-1-thread-1] DEBUG org.http4s.blaze.pipeline.Stage - Websocket key: None
Request headers: Headers(Host: localhost:8181, User-Agent: curl/7.45.0, Accept: */*, Content-Length: 39, Content-Type: application/x-www-form-urlencoded)
16:01:37.534 [pool-1-thread-2] DEBUG org.http4s.blaze.pipeline.Stage - closeConnection()
16:01:37.534 [pool-1-thread-2] DEBUG org.http4s.blaze.pipeline.Stage - Shutting down HttpPipeline
16:01:37.535 [pool-1-thread-2] DEBUG org.http4s.blaze.pipeline.Stage - org.http4s.server.blaze.Http1ServerStage$$anon$1 shutting down at Mon Oct 19 16:01:37 WIB 2015
16:01:37.535 [pool-1-thread-2] DEBUG org.http4s.blaze.pipeline.Stage - Stage org.http4s.server.blaze.Http1ServerStage$$anon$1 sending outbound command: Disconnect
16:01:37.535 [pool-1-thread-2] DEBUG org.http4s.blaze.pipeline.Stage - org.http4s.blaze.pipeline.stages.QuietTimeoutStage shutting down at Mon Oct 19 16:01:37 WIB 2015
16:01:37.535 [pool-1-thread-2] DEBUG org.http4s.blaze.pipeline.Stage - Stage org.http4s.blaze.pipeline.stages.QuietTimeoutStage sending outbound command: Disconnect
16:04:01.166 [main] INFO  o.h.b.c.nio1.NIO1SocketServerGroup - Service bound to address /127.0.0.1:8181
16:04:41.816 [main] INFO  o.h.b.c.nio1.NIO1SocketServerGroup - Service bound to address /127.0.0.1:8181
16:05:00.831 [main] INFO  o.h.b.c.nio1.NIO1SocketServerGroup - Service bound to address /127.0.0.1:8181
16:05:05.219 [NIO1SocketServerChannelFactory] INFO  o.h.blaze.channel.ServerChannelGroup - Connection to /127.0.0.1:58132 accepted at Mon Oct 19 16:05:05 WIB 2015.
16:05:05.321 [FixedPoolLoop-1] DEBUG org.http4s.blaze.pipeline.Stage - org.http4s.blaze.channel.nio1.NIO1SocketServerGroup$SocketChannelHead starting up at Mon Oct 19 16:05:05 WIB 2015
16:05:05.322 [FixedPoolLoop-1] DEBUG org.http4s.blaze.pipeline.Stage - Stage org.http4s.blaze.channel.nio1.NIO1SocketServerGroup$SocketChannelHead sending inbound command: Connected
16:05:05.322 [FixedPoolLoop-1] DEBUG org.http4s.blaze.pipeline.Stage - org.http4s.blaze.pipeline.stages.QuietTimeoutStage starting up at Mon Oct 19 16:05:05 WIB 2015
16:05:05.322 [FixedPoolLoop-1] DEBUG org.http4s.blaze.pipeline.Stage - Stage org.http4s.blaze.pipeline.stages.QuietTimeoutStage sending inbound command: Connected
16:05:05.322 [FixedPoolLoop-1] DEBUG org.http4s.blaze.pipeline.Stage - Starting HTTP pipeline
16:05:05.326 [FixedPoolLoop-1] DEBUG o.h.blaze.channel.nio1.SelectorLoop - Started channel.
16:05:05.574 [pool-1-thread-1] ERROR org.http4s.blaze.pipeline.Stage - Error running route: Request(POST,/api/pln/nontaglis/5221111006761,HTTP/1.1,Headers(Host: localhost:8181, User-Agent: curl/7.45.0, Accept: */*, Content-Length: 39, Content-Type: application/x-www-form-urlencoded),Await(scalaz.concurrent.Task@4db1f41,<function1>),org.http4s.AttributeMap@113855f8)
java.lang.AbstractMethodError: net.binangkit.payment.biller.pelangi.Nontaglis$.net$binangkit$payment$biller$pelangi$Api$_setter_$net$binangkit$payment$biller$pelangi$Api$$logger_$eq(Lorg/slf4j/Logger;)V
	at net.binangkit.payment.biller.pelangi.Api$class.$init$(Api.scala:24) ~[classes/:na]
	at net.binangkit.payment.biller.pelangi.Nontaglis$.<init>(Nontaglis.scala:17) ~[classes/:na]
	at net.binangkit.payment.biller.pelangi.Nontaglis$.<clinit>(Nontaglis.scala) ~[classes/:na]
	at net.binangkit.payment.api.pln.Nontaglis$.paymentHandler(Nontaglis.scala:23) ~[classes/:na]
	at net.binangkit.payment.api.TransactionalApi$$anonfun$service$1.applyOrElse(TransactionalApi.scala:12) ~[classes/:na]
	at net.binangkit.payment.api.TransactionalApi$$anonfun$service$1.applyOrElse(TransactionalApi.scala:9) ~[classes/:na]
	at org.http4s.server.package$HttpService$$anonfun$apply$1.apply(package.scala:68) ~[http4s-server_2.11-0.10.0.jar:0.10.0]
	at org.http4s.server.package$HttpService$$anonfun$apply$1.apply(package.scala:68) ~[http4s-server_2.11-0.10.0.jar:0.10.0]
	at scala.Function1$$anonfun$andThen$1.apply(Function1.scala:52) ~[na:na]
	at scalaz.Kleisli$$anonfun$flatMap$1.apply(Kleisli.scala:47) ~[scalaz-core_2.11-7.1.3.jar:na]
	at org.http4s.server.Router$$anonfun$define$2$$anonfun$apply$1.apply(Router.scala:34) ~[http4s-server_2.11-0.10.0.jar:0.10.0]
	at org.http4s.server.Router$$anonfun$define$2$$anonfun$apply$1.apply(Router.scala:29) ~[http4s-server_2.11-0.10.0.jar:0.10.0]
	at scala.Function1$$anonfun$andThen$1.apply(Function1.scala:52) ~[na:na]
	at scalaz.Kleisli$$anonfun$flatMap$1.apply(Kleisli.scala:47) ~[scalaz-core_2.11-7.1.3.jar:na]
	at org.http4s.server.Router$$anonfun$define$2$$anonfun$apply$1.apply(Router.scala:34) ~[http4s-server_2.11-0.10.0.jar:0.10.0]
	at org.http4s.server.Router$$anonfun$define$2$$anonfun$apply$1.apply(Router.scala:29) ~[http4s-server_2.11-0.10.0.jar:0.10.0]
	at scala.Function1$$anonfun$andThen$1.apply(Function1.scala:52) ~[na:na]
	at scalaz.Kleisli$$anonfun$flatMap$1.apply(Kleisli.scala:47) ~[scalaz-core_2.11-7.1.3.jar:na]
	at org.http4s.server.Router$$anonfun$define$2$$anonfun$apply$1.apply(Router.scala:34) ~[http4s-server_2.11-0.10.0.jar:0.10.0]
	at org.http4s.server.Router$$anonfun$define$2$$anonfun$apply$1.apply(Router.scala:29) ~[http4s-server_2.11-0.10.0.jar:0.10.0]
	at org.http4s.server.Router$$anonfun$define$2$$anonfun$apply$1.apply(Router.scala:34) ~[http4s-server_2.11-0.10.0.jar:0.10.0]
	at org.http4s.server.Router$$anonfun$define$2$$anonfun$apply$1.apply(Router.scala:29) ~[http4s-server_2.11-0.10.0.jar:0.10.0]
	at scalaz.Kleisli$$anonfun$flatMap$1.apply(Kleisli.scala:47) ~[scalaz-core_2.11-7.1.3.jar:na]
	at org.http4s.server.blaze.Http1ServerStage$$anonfun$runRequest$1.apply(Http1ServerStage.scala:127) ~[http4s-blaze-server_2.11-0.10.0.jar:0.10.0]
	at org.http4s.server.blaze.Http1ServerStage$$anonfun$runRequest$1.apply(Http1ServerStage.scala:127) ~[http4s-blaze-server_2.11-0.10.0.jar:0.10.0]
	at scalaz.concurrent.Task$.Try(Task.scala:386) ~[scalaz-concurrent_2.11-7.1.3.jar:na]
	at scalaz.concurrent.Task$$anonfun$apply$10.apply(Task.scala:286) ~[scalaz-concurrent_2.11-7.1.3.jar:na]
	at scalaz.concurrent.Task$$anonfun$apply$10.apply(Task.scala:286) ~[scalaz-concurrent_2.11-7.1.3.jar:na]
	at scalaz.concurrent.Future$$anonfun$apply$15$$anon$4.call(Future.scala:380) [scalaz-concurrent_2.11-7.1.3.jar:na]
	at scalaz.concurrent.Future$$anonfun$apply$15$$anon$4.call(Future.scala:380) [scalaz-concurrent_2.11-7.1.3.jar:na]
	at java.util.concurrent.FutureTask.run(FutureTask.java:266) [na:1.8.0_45]
	at java.util.concurrent.ThreadPoolExecutor.runWorker(ThreadPoolExecutor.java:1142) [na:1.8.0_45]
	at java.util.concurrent.ThreadPoolExecutor$Worker.run(ThreadPoolExecutor.java:617) [na:1.8.0_45]
	at java.lang.Thread.run(Thread.java:745) [na:1.8.0_45]
16:05:05.594 [pool-1-thread-1] DEBUG org.http4s.blaze.pipeline.Stage - Websocket key: None
Request headers: Headers(Host: localhost:8181, User-Agent: curl/7.45.0, Accept: */*, Content-Length: 39, Content-Type: application/x-www-form-urlencoded)
16:05:05.633 [pool-1-thread-2] DEBUG org.http4s.blaze.pipeline.Stage - closeConnection()
16:05:05.634 [pool-1-thread-2] DEBUG org.http4s.blaze.pipeline.Stage - Shutting down HttpPipeline
16:05:05.634 [pool-1-thread-2] DEBUG org.http4s.blaze.pipeline.Stage - org.http4s.server.blaze.Http1ServerStage$$anon$1 shutting down at Mon Oct 19 16:05:05 WIB 2015
16:05:05.635 [pool-1-thread-2] DEBUG org.http4s.blaze.pipeline.Stage - Stage org.http4s.server.blaze.Http1ServerStage$$anon$1 sending outbound command: Disconnect
16:05:05.636 [pool-1-thread-2] DEBUG org.http4s.blaze.pipeline.Stage - org.http4s.blaze.pipeline.stages.QuietTimeoutStage shutting down at Mon Oct 19 16:05:05 WIB 2015
16:05:05.636 [pool-1-thread-2] DEBUG org.http4s.blaze.pipeline.Stage - Stage org.http4s.blaze.pipeline.stages.QuietTimeoutStage sending outbound command: Disconnect
16:06:02.949 [main] INFO  o.h.b.c.nio1.NIO1SocketServerGroup - Service bound to address /127.0.0.1:8181
16:06:09.355 [NIO1SocketServerChannelFactory] INFO  o.h.blaze.channel.ServerChannelGroup - Connection to /127.0.0.1:58136 accepted at Mon Oct 19 16:06:09 WIB 2015.
16:06:09.455 [FixedPoolLoop-1] DEBUG org.http4s.blaze.pipeline.Stage - org.http4s.blaze.channel.nio1.NIO1SocketServerGroup$SocketChannelHead starting up at Mon Oct 19 16:06:09 WIB 2015
16:06:09.455 [FixedPoolLoop-1] DEBUG org.http4s.blaze.pipeline.Stage - Stage org.http4s.blaze.channel.nio1.NIO1SocketServerGroup$SocketChannelHead sending inbound command: Connected
16:06:09.455 [FixedPoolLoop-1] DEBUG org.http4s.blaze.pipeline.Stage - org.http4s.blaze.pipeline.stages.QuietTimeoutStage starting up at Mon Oct 19 16:06:09 WIB 2015
16:06:09.455 [FixedPoolLoop-1] DEBUG org.http4s.blaze.pipeline.Stage - Stage org.http4s.blaze.pipeline.stages.QuietTimeoutStage sending inbound command: Connected
16:06:09.455 [FixedPoolLoop-1] DEBUG org.http4s.blaze.pipeline.Stage - Starting HTTP pipeline
16:06:09.459 [FixedPoolLoop-1] DEBUG o.h.blaze.channel.nio1.SelectorLoop - Started channel.
16:06:10.046 [pool-2-thread-2] DEBUG org.http4s.blaze.pipeline.Stage - Beginning request: Request(POST,http://103.16.138.19:8008/transactions/trx.json,HTTP/1.1,Headers(Content-Type: application/x-www-form-urlencoded; charset=UTF-8, Content-Length: 153, Authorization: PELANGIREST username=tns14110001&password=1234&signature=23830fe2717d2830e79ad15c8952eaa0),Emit(Vector(ByteVector(153 bytes, 0x7472785f69643d26637573745f6163636f756e745f6e6f3d353232313131313030363736312670726f647563745f6e6f6d696e6174696f6e3d302662697436323d267472785f747970653d3232303026637573745f6d736973646e3d302662697431323d2670726f647563745f69643d3130352662697434383d2662697431313d267472785f646174653d3230313531303139313630363039))),org.http4s.AttributeMap@553e6261)
16:06:39.673 [TickWheelExecutor: 512 spokes, 200 milliseconds interval] DEBUG org.http4s.blaze.pipeline.Stage - Stage org.http4s.blaze.pipeline.stages.QuietTimeoutStage sending outbound command: Disconnect
16:06:39.675 [TickWheelExecutor: 512 spokes, 200 milliseconds interval] DEBUG org.http4s.blaze.pipeline.Stage - Stage org.http4s.blaze.pipeline.stages.QuietTimeoutStage sending inbound command: Disconnected
16:06:39.675 [TickWheelExecutor: 512 spokes, 200 milliseconds interval] DEBUG org.http4s.blaze.pipeline.Stage - Shutting down HttpPipeline
16:06:39.675 [TickWheelExecutor: 512 spokes, 200 milliseconds interval] DEBUG org.http4s.blaze.pipeline.Stage - org.http4s.server.blaze.Http1ServerStage$$anon$1 shutting down at Mon Oct 19 16:06:39 WIB 2015
16:06:46.775 [pool-2-thread-1] DEBUG org.http4s.blaze.pipeline.Stage - Running client cleanup.
16:06:46.776 [pool-2-thread-1] DEBUG org.http4s.blaze.pipeline.Stage - Client body cleanup result: Success(java.nio.HeapByteBuffer[pos=802 lim=802 cap=802])
16:06:46.777 [pool-2-thread-1] DEBUG org.http4s.blaze.pipeline.Stage - Stage org.http4s.client.blaze.Http1ClientStage sending outbound command: Disconnect
16:06:46.777 [pool-2-thread-1] DEBUG org.http4s.blaze.pipeline.Stage - closeWithError(EOF)
16:06:46.777 [pool-2-thread-1] DEBUG org.http4s.blaze.pipeline.Stage - org.http4s.client.blaze.Http1ClientStage shutting down at Mon Oct 19 16:06:46 WIB 2015
16:06:46.945 [pool-2-thread-1] DEBUG n.b.payment.biller.pelangi.Api - Data: {"registration_no":"5221111006761","date_settlement":"","msg_type":"REVERSAL","trx_id":"","datetime":"20151019154533","registration_date":"20110923","info_text":"null","subscriber_id":"            ","subscriber_name":"CASTAM S.PD.I            ","amount":"392100","switcher_refno":"","stan":"000000049365","switching_refno":"00000000000000000000            ","admin_charge":"1600","transaction_name":"PENYAMBUNGAN BARU        ","service_unit":"123            ","pln_bill":"390500.00","rc":"0000"}
16:06:46.956 [pool-1-thread-1] DEBUG org.http4s.blaze.pipeline.Stage - Websocket key: None
Request headers: Headers(Host: localhost:8181, User-Agent: curl/7.45.0, Accept: */*, Content-Length: 39, Content-Type: application/x-www-form-urlencoded)
16:06:46.964 [pool-1-thread-2] DEBUG org.http4s.blaze.pipeline.Stage - closeConnection()
16:06:46.964 [pool-1-thread-2] DEBUG org.http4s.blaze.pipeline.Stage - Shutting down HttpPipeline
16:06:46.964 [pool-1-thread-2] DEBUG org.http4s.blaze.pipeline.Stage - org.http4s.server.blaze.Http1ServerStage$$anon$1 shutting down at Mon Oct 19 16:06:46 WIB 2015
16:06:46.964 [pool-1-thread-2] DEBUG org.http4s.blaze.pipeline.Stage - Stage org.http4s.server.blaze.Http1ServerStage$$anon$1 sending outbound command: Disconnect
16:06:46.965 [pool-1-thread-2] DEBUG org.http4s.blaze.pipeline.Stage - org.http4s.blaze.pipeline.stages.QuietTimeoutStage shutting down at Mon Oct 19 16:06:46 WIB 2015
16:06:46.965 [pool-1-thread-2] DEBUG org.http4s.blaze.pipeline.Stage - Stage org.http4s.blaze.pipeline.stages.QuietTimeoutStage sending outbound command: Disconnect
16:07:42.596 [NIO1SocketServerChannelFactory] INFO  o.h.blaze.channel.ServerChannelGroup - Connection to /127.0.0.1:58142 accepted at Mon Oct 19 16:07:42 WIB 2015.
16:07:42.597 [FixedPoolLoop-2] DEBUG org.http4s.blaze.pipeline.Stage - org.http4s.blaze.channel.nio1.NIO1SocketServerGroup$SocketChannelHead starting up at Mon Oct 19 16:07:42 WIB 2015
16:07:42.597 [FixedPoolLoop-2] DEBUG org.http4s.blaze.pipeline.Stage - Stage org.http4s.blaze.channel.nio1.NIO1SocketServerGroup$SocketChannelHead sending inbound command: Connected
16:07:42.597 [FixedPoolLoop-2] DEBUG org.http4s.blaze.pipeline.Stage - org.http4s.blaze.pipeline.stages.QuietTimeoutStage starting up at Mon Oct 19 16:07:42 WIB 2015
16:07:42.597 [FixedPoolLoop-2] DEBUG org.http4s.blaze.pipeline.Stage - Stage org.http4s.blaze.pipeline.stages.QuietTimeoutStage sending inbound command: Connected
16:07:42.597 [FixedPoolLoop-2] DEBUG org.http4s.blaze.pipeline.Stage - Starting HTTP pipeline
16:07:42.597 [FixedPoolLoop-2] DEBUG o.h.blaze.channel.nio1.SelectorLoop - Started channel.
16:07:42.623 [pool-2-thread-2] DEBUG org.http4s.blaze.pipeline.Stage - Beginning request: Request(POST,http://103.16.138.19:8008/transactions/trx.json,HTTP/1.1,Headers(Content-Type: application/x-www-form-urlencoded; charset=UTF-8, Content-Length: 153, Authorization: PELANGIREST username=tns14110001&password=1234&signature=aad46d0d416b588d7bc4525a44be15b4),Emit(Vector(ByteVector(153 bytes, 0x7472785f69643d26637573745f6163636f756e745f6e6f3d353232313131313030363736312670726f647563745f6e6f6d696e6174696f6e3d302662697436323d267472785f747970653d3232303026637573745f6d736973646e3d302662697431323d2670726f647563745f69643d3130352662697434383d2662697431313d267472785f646174653d3230313531303139313630373432))),org.http4s.AttributeMap@553e6261)
16:08:12.732 [TickWheelExecutor: 512 spokes, 200 milliseconds interval] DEBUG org.http4s.blaze.pipeline.Stage - Stage org.http4s.blaze.pipeline.stages.QuietTimeoutStage sending outbound command: Disconnect
16:08:12.732 [TickWheelExecutor: 512 spokes, 200 milliseconds interval] DEBUG org.http4s.blaze.pipeline.Stage - Stage org.http4s.blaze.pipeline.stages.QuietTimeoutStage sending inbound command: Disconnected
16:08:12.732 [TickWheelExecutor: 512 spokes, 200 milliseconds interval] DEBUG org.http4s.blaze.pipeline.Stage - Shutting down HttpPipeline
16:08:12.732 [TickWheelExecutor: 512 spokes, 200 milliseconds interval] DEBUG org.http4s.blaze.pipeline.Stage - org.http4s.server.blaze.Http1ServerStage$$anon$1 shutting down at Mon Oct 19 16:08:12 WIB 2015
16:08:19.952 [pool-2-thread-2] DEBUG org.http4s.blaze.pipeline.Stage - Running client cleanup.
16:08:19.952 [pool-2-thread-2] DEBUG org.http4s.blaze.pipeline.Stage - Client body cleanup result: Success(java.nio.HeapByteBuffer[pos=802 lim=802 cap=802])
16:08:19.953 [pool-2-thread-2] DEBUG org.http4s.blaze.pipeline.Stage - Stage org.http4s.client.blaze.Http1ClientStage sending outbound command: Disconnect
16:08:19.953 [pool-2-thread-2] DEBUG org.http4s.blaze.pipeline.Stage - closeWithError(EOF)
16:08:19.953 [pool-2-thread-2] DEBUG org.http4s.blaze.pipeline.Stage - org.http4s.client.blaze.Http1ClientStage shutting down at Mon Oct 19 16:08:19 WIB 2015
16:08:19.954 [pool-2-thread-2] DEBUG n.b.payment.biller.pelangi.Api - Data: {"registration_no":"5221111006761","date_settlement":"","msg_type":"REVERSAL","trx_id":"","datetime":"20151019154533","registration_date":"20110923","info_text":"null","subscriber_id":"            ","subscriber_name":"CASTAM S.PD.I            ","amount":"392100","switcher_refno":"","stan":"000000049365","switching_refno":"00000000000000000000            ","admin_charge":"1600","transaction_name":"PENYAMBUNGAN BARU        ","service_unit":"123            ","pln_bill":"390500.00","rc":"0000"}
16:08:19.955 [pool-1-thread-3] DEBUG org.http4s.blaze.pipeline.Stage - Websocket key: None
Request headers: Headers(Host: localhost:8181, User-Agent: curl/7.45.0, Accept: */*, Content-Length: 39, Content-Type: application/x-www-form-urlencoded)
16:08:19.956 [pool-1-thread-4] DEBUG org.http4s.blaze.pipeline.Stage - closeConnection()
16:08:19.956 [pool-1-thread-4] DEBUG org.http4s.blaze.pipeline.Stage - Shutting down HttpPipeline
16:08:19.956 [pool-1-thread-4] DEBUG org.http4s.blaze.pipeline.Stage - org.http4s.server.blaze.Http1ServerStage$$anon$1 shutting down at Mon Oct 19 16:08:19 WIB 2015
16:08:19.956 [pool-1-thread-4] DEBUG org.http4s.blaze.pipeline.Stage - Stage org.http4s.server.blaze.Http1ServerStage$$anon$1 sending outbound command: Disconnect
16:08:19.956 [pool-1-thread-4] DEBUG org.http4s.blaze.pipeline.Stage - org.http4s.blaze.pipeline.stages.QuietTimeoutStage shutting down at Mon Oct 19 16:08:19 WIB 2015
16:08:19.956 [pool-1-thread-4] DEBUG org.http4s.blaze.pipeline.Stage - Stage org.http4s.blaze.pipeline.stages.QuietTimeoutStage sending outbound command: Disconnect
16:09:22.670 [main] INFO  o.h.b.c.nio1.NIO1SocketServerGroup - Service bound to address /127.0.0.1:8181
16:09:48.125 [main] INFO  o.h.b.c.nio1.NIO1SocketServerGroup - Service bound to address /127.0.0.1:8181
